2017-12-21 08:44:34 INFO  Play:177 - hitting bombs of second type
2017-12-21 08:44:34 INFO  Play:178 - getting -1 scores
2017-12-21 08:44:38 INFO  Play:170 - hitting bombs of first type
2017-12-21 08:44:38 INFO  Play:171 - getting 6 lives
2017-12-21 08:44:38 INFO  Play:172 - getting -1 scores
2017-12-21 08:44:40 INFO  Play:156 - having 1 gifts of first type
2017-12-21 08:44:40 INFO  Play:157 - getting 3 lives
2017-12-21 08:44:40 INFO  Play:158 - getting 0 scores
2017-12-21 08:44:41 INFO  Play:125 - firing a bullet!! the number of remining bullets 5
2017-12-21 08:44:41 INFO  Play:128 - hitting a tree with a weapon
2017-12-21 08:44:44 INFO  Play:156 - having 2 gifts of first type
2017-12-21 08:44:44 INFO  Play:157 - getting 4 lives
2017-12-21 08:44:44 INFO  Play:158 - getting 1 scores
2017-12-21 08:44:46 INFO  Play:177 - hitting bombs of second type
2017-12-21 08:44:46 INFO  Play:178 - getting 0 scores
2017-12-21 08:44:48 INFO  Play:177 - hitting bombs of second type
2017-12-21 08:44:48 INFO  Play:178 - getting -1 scores
2017-12-21 08:44:49 INFO  Play:163 - having 1 gifts of second type
2017-12-21 08:44:49 INFO  Play:164 - getting 6 bullets
2017-12-21 08:44:49 INFO  Play:165 - getting 0 scores
2017-12-21 08:44:51 INFO  Play:125 - firing a bullet!! the number of remining bullets 5
2017-12-21 08:44:51 INFO  Play:128 - hitting a tree with a weapon
2017-12-21 08:44:53 INFO  Play:163 - having 2 gifts of second type
2017-12-21 08:44:53 INFO  Play:164 - getting 6 bullets
2017-12-21 08:44:53 INFO  Play:165 - getting 1 scores
2017-12-21 08:44:55 INFO  Play:163 - having 3 gifts of second type
2017-12-21 08:44:55 INFO  Play:164 - getting 7 bullets
2017-12-21 08:44:55 INFO  Play:165 - getting 2 scores
2017-12-21 08:58:44 INFO  Play:177 - hitting bombs of second type
2017-12-21 08:58:44 INFO  Play:178 - getting -1 scores
2017-12-21 08:58:45 INFO  Play:163 - having 1 gifts of second type
2017-12-21 08:58:45 INFO  Play:164 - getting 7 bullets
2017-12-21 08:58:45 INFO  Play:165 - getting 0 scores
2017-12-21 08:58:47 INFO  Play:163 - having 2 gifts of second type
2017-12-21 08:58:47 INFO  Play:164 - getting 8 bullets
2017-12-21 08:58:47 INFO  Play:165 - getting 1 scores
2017-12-21 08:58:48 INFO  Play:163 - having 3 gifts of second type
2017-12-21 08:58:48 INFO  Play:164 - getting 9 bullets
2017-12-21 08:58:48 INFO  Play:165 - getting 2 scores
2017-12-21 08:58:49 INFO  Play:163 - having 4 gifts of second type
2017-12-21 08:58:49 INFO  Play:164 - getting 10 bullets
2017-12-21 08:58:49 INFO  Play:165 - getting 3 scores
2017-12-21 08:58:49 INFO  Play:170 - hitting bombs of first type
2017-12-21 08:58:49 INFO  Play:171 - getting 10 lives
2017-12-21 08:58:49 INFO  Play:172 - getting 3 scores
2017-12-21 08:58:50 INFO  Play:156 - having 1 gifts of first type
2017-12-21 08:58:50 INFO  Play:157 - getting 3 lives
2017-12-21 08:58:50 INFO  Play:158 - getting 4 scores
2017-12-21 08:58:50 INFO  Play:156 - having 2 gifts of first type
2017-12-21 08:58:50 INFO  Play:157 - getting 4 lives
2017-12-21 08:58:50 INFO  Play:158 - getting 5 scores
2017-12-21 08:58:54 INFO  Play:177 - hitting bombs of second type
2017-12-21 08:58:54 INFO  Play:178 - getting 4 scores
2017-12-21 08:58:55 INFO  Play:177 - hitting bombs of second type
2017-12-21 08:58:55 INFO  Play:178 - getting 3 scores
2017-12-21 08:58:55 INFO  Play:156 - having 3 gifts of first type
2017-12-21 08:58:55 INFO  Play:157 - getting 5 lives
2017-12-21 08:58:55 INFO  Play:158 - getting 4 scores
2017-12-21 08:58:57 INFO  Play:125 - firing a bullet!! the number of remining bullets 9
2017-12-21 08:58:57 INFO  Play:128 - hitting a tree with a weapon
2017-12-21 08:58:57 INFO  Play:163 - having 5 gifts of second type
2017-12-21 08:58:57 INFO  Play:164 - getting 10 bullets
2017-12-21 08:58:57 INFO  Play:165 - getting 5 scores
2017-12-21 08:58:57 INFO  Play:170 - hitting bombs of first type
2017-12-21 08:58:57 INFO  Play:171 - getting 10 lives
2017-12-21 08:58:57 INFO  Play:172 - getting 5 scores
2017-12-21 08:59:00 INFO  Play:177 - hitting bombs of second type
2017-12-21 08:59:00 INFO  Play:178 - getting 4 scores
2017-12-21 08:59:00 INFO  Play:156 - having 4 gifts of first type
2017-12-21 08:59:00 INFO  Play:157 - getting 5 lives
2017-12-21 08:59:00 INFO  Play:158 - getting 5 scores
2017-12-21 08:59:01 INFO  Play:170 - hitting bombs of first type
2017-12-21 08:59:01 INFO  Play:171 - getting 10 lives
2017-12-21 08:59:01 INFO  Play:172 - getting 5 scores
2017-12-21 08:59:01 INFO  Play:177 - hitting bombs of second type
2017-12-21 08:59:01 INFO  Play:178 - getting 4 scores
2017-12-21 08:59:05 INFO  Play:125 - firing a bullet!! the number of remining bullets 9
2017-12-21 08:59:05 INFO  Play:128 - hitting a tree with a weapon
2017-12-21 08:59:07 INFO  Play:170 - hitting bombs of first type
2017-12-21 08:59:07 INFO  Play:171 - getting 9 lives
2017-12-21 08:59:07 INFO  Play:172 - getting 4 scores
2017-12-21 08:59:10 INFO  Play:177 - hitting bombs of second type
2017-12-21 08:59:10 INFO  Play:178 - getting 3 scores
2017-12-21 08:59:12 INFO  Play:163 - having 6 gifts of second type
2017-12-21 08:59:12 INFO  Play:164 - getting 10 bullets
2017-12-21 08:59:12 INFO  Play:165 - getting 4 scores
2017-12-21 08:59:14 INFO  Play:125 - firing a bullet!! the number of remining bullets 9
2017-12-21 08:59:14 INFO  Play:128 - hitting a tree with a weapon
2017-12-21 08:59:15 INFO  Play:163 - having 7 gifts of second type
2017-12-21 08:59:15 INFO  Play:164 - getting 10 bullets
2017-12-21 08:59:15 INFO  Play:165 - getting 5 scores
2017-12-21 08:59:16 INFO  Play:170 - hitting bombs of first type
2017-12-21 08:59:16 INFO  Play:171 - getting 10 lives
2017-12-21 08:59:16 INFO  Play:172 - getting 5 scores
2017-12-21 08:59:17 INFO  Play:156 - having 5 gifts of first type
2017-12-21 08:59:17 INFO  Play:157 - getting 3 lives
2017-12-21 08:59:17 INFO  Play:158 - getting 6 scores
2017-12-21 08:59:17 INFO  Play:170 - hitting bombs of first type
2017-12-21 08:59:17 INFO  Play:171 - getting 10 lives
2017-12-21 08:59:17 INFO  Play:172 - getting 6 scores
2017-12-21 08:59:21 INFO  Play:170 - hitting bombs of first type
2017-12-21 08:59:21 INFO  Play:171 - getting 10 lives
2017-12-21 08:59:21 INFO  Play:172 - getting 6 scores
2017-12-21 08:59:22 INFO  Play:52 - win
2017-12-21 09:01:31 INFO  Play:156 - having 1 gifts of first type
2017-12-21 09:01:31 INFO  Play:157 - getting 4 lives
2017-12-21 09:01:31 INFO  Play:158 - getting 1 scores
2017-12-21 09:01:32 INFO  Play:177 - hitting bombs of second type
2017-12-21 09:01:32 INFO  Play:178 - getting 0 scores
2017-12-21 09:01:32 INFO  Play:156 - having 2 gifts of first type
2017-12-21 09:01:32 INFO  Play:157 - getting 5 lives
2017-12-21 09:01:32 INFO  Play:158 - getting 1 scores
2017-12-21 09:01:33 INFO  Play:177 - hitting bombs of second type
2017-12-21 09:01:33 INFO  Play:178 - getting 0 scores
2017-12-21 09:01:34 INFO  Play:163 - having 1 gifts of second type
2017-12-21 09:01:34 INFO  Play:164 - getting 7 bullets
2017-12-21 09:01:34 INFO  Play:165 - getting 1 scores
2017-12-21 09:01:34 INFO  Play:177 - hitting bombs of second type
2017-12-21 09:01:34 INFO  Play:178 - getting 0 scores
2017-12-21 09:01:38 INFO  Play:170 - hitting bombs of first type
2017-12-21 09:01:38 INFO  Play:171 - getting 7 lives
2017-12-21 09:01:38 INFO  Play:172 - getting 0 scores
2017-12-21 09:01:42 INFO  Play:170 - hitting bombs of first type
2017-12-21 09:01:42 INFO  Play:171 - getting 7 lives
2017-12-21 09:01:42 INFO  Play:172 - getting 0 scores
2017-12-21 09:01:44 INFO  Play:125 - firing a bullet!! the number of remining bullets 6
2017-12-21 09:01:44 INFO  Play:128 - hitting a tree with a weapon
2017-12-21 09:01:45 INFO  Play:177 - hitting bombs of second type
2017-12-21 09:01:45 INFO  Play:178 - getting -1 scores
2017-12-21 09:01:46 INFO  Play:177 - hitting bombs of second type
2017-12-21 09:01:46 INFO  Play:178 - getting -2 scores
2017-12-21 09:01:46 INFO  Play:177 - hitting bombs of second type
2017-12-21 09:01:46 INFO  Play:178 - getting -3 scores
2017-12-21 09:01:50 INFO  Play:156 - having 3 gifts of first type
2017-12-21 09:01:50 INFO  Play:157 - getting 4 lives
2017-12-21 09:01:50 INFO  Play:158 - getting -2 scores
2017-12-21 09:01:53 INFO  Play:170 - hitting bombs of first type
2017-12-21 09:01:53 INFO  Play:171 - getting 6 lives
2017-12-21 09:01:53 INFO  Play:172 - getting -2 scores
2017-12-21 09:01:53 INFO  Play:177 - hitting bombs of second type
2017-12-21 09:01:53 INFO  Play:178 - getting -3 scores
2017-12-21 09:01:56 INFO  Play:163 - having 2 gifts of second type
2017-12-21 09:01:56 INFO  Play:164 - getting 7 bullets
2017-12-21 09:01:56 INFO  Play:165 - getting -2 scores
2017-12-21 09:02:00 INFO  Play:52 - win
2017-12-21 09:03:28 INFO  Play:177 - hitting bombs of second type
2017-12-21 09:03:28 INFO  Play:178 - getting -1 scores
2017-12-21 09:03:31 INFO  Play:170 - hitting bombs of first type
2017-12-21 09:03:31 INFO  Play:171 - getting 6 lives
2017-12-21 09:03:31 INFO  Play:172 - getting -1 scores
2017-12-21 09:03:31 INFO  Play:177 - hitting bombs of second type
2017-12-21 09:03:31 INFO  Play:178 - getting -2 scores
2017-12-21 09:03:32 INFO  Play:163 - having 1 gifts of second type
2017-12-21 09:03:32 INFO  Play:164 - getting 7 bullets
2017-12-21 09:03:32 INFO  Play:165 - getting -1 scores
2017-12-21 09:03:36 INFO  Play:156 - having 1 gifts of first type
2017-12-21 09:03:36 INFO  Play:157 - getting 3 lives
2017-12-21 09:03:36 INFO  Play:158 - getting 0 scores
2017-12-21 09:03:36 INFO  Play:170 - hitting bombs of first type
2017-12-21 09:03:36 INFO  Play:171 - getting 7 lives
2017-12-21 09:03:36 INFO  Play:172 - getting 0 scores
2017-12-21 09:03:36 INFO  Play:177 - hitting bombs of second type
2017-12-21 09:03:36 INFO  Play:178 - getting -1 scores
2017-12-21 09:03:37 INFO  Play:177 - hitting bombs of second type
2017-12-21 09:03:37 INFO  Play:178 - getting -2 scores
2017-12-21 09:03:38 INFO  Play:125 - firing a bullet!! the number of remining bullets 6
2017-12-21 09:03:38 INFO  Play:128 - hitting a tree with a weapon
2017-12-21 09:03:39 INFO  Play:170 - hitting bombs of first type
2017-12-21 09:03:39 INFO  Play:171 - getting 6 lives
2017-12-21 09:03:39 INFO  Play:172 - getting -2 scores
2017-12-21 09:03:39 INFO  Play:177 - hitting bombs of second type
2017-12-21 09:03:39 INFO  Play:178 - getting -3 scores
2017-12-21 09:03:40 INFO  Play:156 - having 2 gifts of first type
2017-12-21 09:03:40 INFO  Play:157 - getting 2 lives
2017-12-21 09:03:40 INFO  Play:158 - getting -2 scores
2017-12-21 09:03:41 INFO  Play:177 - hitting bombs of second type
2017-12-21 09:03:41 INFO  Play:178 - getting -3 scores
2017-12-21 09:03:44 INFO  Play:163 - having 2 gifts of second type
2017-12-21 09:03:44 INFO  Play:164 - getting 7 bullets
2017-12-21 09:03:44 INFO  Play:165 - getting -2 scores
2017-12-21 09:03:50 INFO  Play:177 - hitting bombs of second type
2017-12-21 09:03:50 INFO  Play:178 - getting -3 scores
2017-12-21 09:03:50 INFO  Play:163 - having 3 gifts of second type
2017-12-21 09:03:50 INFO  Play:164 - getting 8 bullets
2017-12-21 09:03:50 INFO  Play:165 - getting -2 scores
2017-12-21 09:03:51 INFO  Play:156 - having 3 gifts of first type
2017-12-21 09:03:51 INFO  Play:157 - getting 3 lives
2017-12-21 09:03:51 INFO  Play:158 - getting -1 scores
2017-12-21 09:03:51 INFO  Play:177 - hitting bombs of second type
2017-12-21 09:03:51 INFO  Play:178 - getting -2 scores
2017-12-21 09:03:52 INFO  Play:163 - having 4 gifts of second type
2017-12-21 09:03:52 INFO  Play:164 - getting 9 bullets
2017-12-21 09:03:52 INFO  Play:165 - getting -1 scores
2017-12-21 09:03:54 INFO  Play:170 - hitting bombs of first type
2017-12-21 09:03:54 INFO  Play:171 - getting 9 lives
2017-12-21 09:03:54 INFO  Play:172 - getting -1 scores
2017-12-21 09:03:56 INFO  Play:156 - having 4 gifts of first type
2017-12-21 09:03:56 INFO  Play:157 - getting 3 lives
2017-12-21 09:03:56 INFO  Play:158 - getting 0 scores
2017-12-21 09:03:59 INFO  Play:163 - having 5 gifts of second type
2017-12-21 09:03:59 INFO  Play:164 - getting 10 bullets
2017-12-21 09:03:59 INFO  Play:165 - getting 1 scores
2017-12-21 09:03:59 INFO  Play:163 - having 6 gifts of second type
2017-12-21 09:03:59 INFO  Play:164 - getting 11 bullets
2017-12-21 09:03:59 INFO  Play:165 - getting 2 scores
2017-12-21 09:04:02 INFO  Play:156 - having 5 gifts of first type
2017-12-21 09:04:02 INFO  Play:157 - getting 4 lives
2017-12-21 09:04:02 INFO  Play:158 - getting 3 scores
2017-12-21 09:04:09 INFO  Play:170 - hitting bombs of first type
2017-12-21 09:04:09 INFO  Play:171 - getting 11 lives
2017-12-21 09:04:09 INFO  Play:172 - getting 3 scores
2017-12-21 09:04:11 INFO  Play:177 - hitting bombs of second type
2017-12-21 09:04:11 INFO  Play:178 - getting 2 scores
2017-12-21 09:04:14 INFO  Play:170 - hitting bombs of first type
2017-12-21 09:04:14 INFO  Play:171 - getting 11 lives
2017-12-21 09:04:14 INFO  Play:172 - getting 2 scores
2017-12-21 09:04:20 INFO  Play:163 - having 7 gifts of second type
2017-12-21 09:04:20 INFO  Play:164 - getting 12 bullets
2017-12-21 09:04:20 INFO  Play:165 - getting 3 scores
2017-12-21 09:04:21 INFO  Play:163 - having 8 gifts of second type
2017-12-21 09:04:21 INFO  Play:164 - getting 13 bullets
2017-12-21 09:04:21 INFO  Play:165 - getting 4 scores
2017-12-21 09:08:59 INFO  Play:170 - hitting bombs of first type
2017-12-21 09:08:59 INFO  Play:171 - getting 6 lives
2017-12-21 09:08:59 INFO  Play:172 - getting 0 scores
2017-12-21 09:09:02 INFO  Play:177 - hitting bombs of second type
2017-12-21 09:09:02 INFO  Play:178 - getting -1 scores
2017-12-21 09:09:03 INFO  Play:177 - hitting bombs of second type
2017-12-21 09:09:03 INFO  Play:178 - getting -2 scores
2017-12-21 09:09:06 INFO  Play:125 - firing a bullet!! the number of remining bullets 5
2017-12-21 09:09:06 INFO  Play:125 - firing a bullet!! the number of remining bullets 5
2017-12-21 09:09:06 INFO  Play:125 - firing a bullet!! the number of remining bullets 5
2017-12-21 09:09:06 INFO  Play:125 - firing a bullet!! the number of remining bullets 5
2017-12-21 09:09:09 INFO  Play:177 - hitting bombs of second type
2017-12-21 09:09:09 INFO  Play:178 - getting -3 scores
2017-12-21 09:09:11 INFO  Play:170 - hitting bombs of first type
2017-12-21 09:09:11 INFO  Play:171 - getting 5 lives
2017-12-21 09:09:11 INFO  Play:172 - getting -3 scores
2017-12-21 09:09:14 INFO  Play:163 - having 1 gifts of second type
2017-12-21 09:09:14 INFO  Play:164 - getting 6 bullets
2017-12-21 09:09:14 INFO  Play:165 - getting -2 scores
2017-12-21 09:09:16 INFO  Play:170 - hitting bombs of first type
2017-12-21 09:09:16 INFO  Play:171 - getting 6 lives
2017-12-21 09:09:16 INFO  Play:172 - getting -2 scores
2017-12-21 09:09:50 INFO  Play:177 - hitting bombs of second type
2017-12-21 09:09:50 INFO  Play:178 - getting -1 scores
2017-12-21 09:09:50 INFO  Play:156 - having 1 gifts of first type
2017-12-21 09:09:50 INFO  Play:157 - getting 4 lives
2017-12-21 09:09:50 INFO  Play:158 - getting 0 scores
2017-12-21 09:09:53 INFO  Play:177 - hitting bombs of second type
2017-12-21 09:09:53 INFO  Play:178 - getting -1 scores
2017-12-21 09:09:56 INFO  Play:177 - hitting bombs of second type
2017-12-21 09:09:56 INFO  Play:178 - getting -2 scores
2017-12-21 09:43:47 INFO  Play:163 - having 1 gifts of second type
2017-12-21 09:43:47 INFO  Play:164 - getting 7 bullets
2017-12-21 09:43:47 INFO  Play:165 - getting 1 scores
2017-12-21 09:43:49 INFO  Play:156 - having 1 gifts of first type
2017-12-21 09:43:49 INFO  Play:157 - getting 4 lives
2017-12-21 09:43:49 INFO  Play:158 - getting 2 scores
2017-12-21 09:43:51 INFO  Play:170 - hitting bombs of first type
2017-12-21 09:43:51 INFO  Play:171 - getting 7 lives
2017-12-21 09:43:51 INFO  Play:172 - getting 2 scores
2017-12-21 09:43:52 INFO  Play:170 - hitting bombs of first type
2017-12-21 09:43:52 INFO  Play:171 - getting 7 lives
2017-12-21 09:43:52 INFO  Play:172 - getting 2 scores
2017-12-21 09:43:55 INFO  Play:177 - hitting bombs of second type
2017-12-21 09:43:55 INFO  Play:178 - getting 1 scores
2017-12-21 09:43:55 INFO  Play:177 - hitting bombs of second type
2017-12-21 09:43:55 INFO  Play:178 - getting 0 scores
2017-12-21 09:43:58 INFO  Play:125 - firing a bullet!! the number of remining bullets 6
2017-12-21 09:43:58 INFO  Play:128 - hitting a tree with a weapon
2017-12-21 09:44:01 INFO  Play:163 - having 2 gifts of second type
2017-12-21 09:44:01 INFO  Play:164 - getting 7 bullets
2017-12-21 09:44:01 INFO  Play:165 - getting 1 scores
2017-12-21 09:44:01 INFO  Play:163 - having 3 gifts of second type
2017-12-21 09:44:01 INFO  Play:164 - getting 8 bullets
2017-12-21 09:44:01 INFO  Play:165 - getting 2 scores
2017-12-21 09:44:04 INFO  Play:125 - firing a bullet!! the number of remining bullets 7
2017-12-21 09:44:04 INFO  Play:128 - hitting a tree with a weapon
2017-12-21 09:44:06 INFO  Play:170 - hitting bombs of first type
2017-12-21 09:44:06 INFO  Play:171 - getting 7 lives
2017-12-21 09:44:06 INFO  Play:172 - getting 2 scores
2017-12-21 09:44:06 INFO  Play:163 - having 4 gifts of second type
2017-12-21 09:44:06 INFO  Play:164 - getting 8 bullets
2017-12-21 09:44:06 INFO  Play:165 - getting 3 scores
2017-12-21 09:44:11 INFO  Play:177 - hitting bombs of second type
2017-12-21 09:44:11 INFO  Play:178 - getting 2 scores
2017-12-21 09:44:11 INFO  Play:170 - hitting bombs of first type
2017-12-21 09:44:11 INFO  Play:171 - getting 8 lives
2017-12-21 09:44:11 INFO  Play:172 - getting 2 scores
2017-12-21 09:53:34 INFO  Play:163 - having 1 gifts of second type
2017-12-21 09:53:34 INFO  Play:164 - getting 7 bullets
2017-12-21 09:53:34 INFO  Play:165 - getting 1 scores
2017-12-21 09:53:36 INFO  Play:156 - having 1 gifts of first type
2017-12-21 09:53:36 INFO  Play:157 - getting 4 lives
2017-12-21 09:53:36 INFO  Play:158 - getting 2 scores
2017-12-21 09:53:38 INFO  Play:170 - hitting bombs of first type
2017-12-21 09:53:38 INFO  Play:171 - getting 7 lives
2017-12-21 09:53:38 INFO  Play:172 - getting 2 scores
2017-12-21 09:53:39 INFO  Play:125 - firing a bullet!! the number of remining bullets 6
2017-12-21 09:53:39 INFO  Play:128 - hitting a tree with a weapon
2017-12-21 09:53:40 INFO  Play:177 - hitting bombs of second type
2017-12-21 09:53:40 INFO  Play:178 - getting 1 scores
2017-12-21 09:53:41 INFO  Play:156 - having 2 gifts of first type
2017-12-21 09:53:41 INFO  Play:157 - getting 4 lives
2017-12-21 09:53:41 INFO  Play:158 - getting 2 scores
2017-12-21 09:53:42 INFO  Play:177 - hitting bombs of second type
2017-12-21 09:53:42 INFO  Play:178 - getting 1 scores
2017-12-21 09:53:43 INFO  Play:170 - hitting bombs of first type
2017-12-21 09:53:43 INFO  Play:171 - getting 6 lives
2017-12-21 09:53:43 INFO  Play:172 - getting 1 scores
2017-12-21 09:53:44 INFO  Play:177 - hitting bombs of second type
2017-12-21 09:53:44 INFO  Play:178 - getting 0 scores
2017-12-21 09:53:44 INFO  Play:170 - hitting bombs of first type
2017-12-21 09:53:44 INFO  Play:171 - getting 6 lives
2017-12-21 09:53:44 INFO  Play:172 - getting 0 scores
2017-12-21 09:53:44 INFO  Play:156 - having 3 gifts of first type
2017-12-21 09:53:44 INFO  Play:157 - getting 3 lives
2017-12-21 09:53:44 INFO  Play:158 - getting 1 scores
2017-12-21 09:53:45 INFO  Play:170 - hitting bombs of first type
2017-12-21 09:53:45 INFO  Play:171 - getting 6 lives
2017-12-21 09:53:45 INFO  Play:172 - getting 1 scores
2017-12-21 09:53:45 INFO  Play:170 - hitting bombs of first type
2017-12-21 09:53:45 INFO  Play:171 - getting 6 lives
2017-12-21 09:53:45 INFO  Play:172 - getting 1 scores
2017-12-21 09:53:46 INFO  Play:163 - having 2 gifts of second type
2017-12-21 09:53:46 INFO  Play:164 - getting 7 bullets
2017-12-21 09:53:46 INFO  Play:165 - getting 2 scores
2017-12-21 09:53:50 INFO  Play:163 - having 3 gifts of second type
2017-12-21 09:53:50 INFO  Play:164 - getting 8 bullets
2017-12-21 09:53:50 INFO  Play:165 - getting 3 scores
2017-12-21 09:53:51 INFO  Play:177 - hitting bombs of second type
2017-12-21 09:53:51 INFO  Play:178 - getting 2 scores
2017-12-21 09:53:53 INFO  Play:156 - having 4 gifts of first type
2017-12-21 09:53:53 INFO  Play:157 - getting 2 lives
2017-12-21 09:53:53 INFO  Play:158 - getting 3 scores
2017-12-21 09:53:58 INFO  Play:170 - hitting bombs of first type
2017-12-21 09:53:58 INFO  Play:171 - getting 8 lives
2017-12-21 09:53:58 INFO  Play:172 - getting 3 scores
2017-12-21 09:54:03 INFO  Play:170 - hitting bombs of first type
2017-12-21 09:54:03 INFO  Play:171 - getting 8 lives
2017-12-21 09:54:03 INFO  Play:172 - getting 3 scores
2017-12-21 09:54:33 INFO  Play:170 - hitting bombs of first type
2017-12-21 09:54:33 INFO  Play:171 - getting 6 lives
2017-12-21 09:54:33 INFO  Play:172 - getting 0 scores
2017-12-21 09:54:36 INFO  Play:177 - hitting bombs of second type
2017-12-21 09:54:36 INFO  Play:178 - getting -1 scores
2017-12-21 09:54:36 INFO  Play:177 - hitting bombs of second type
2017-12-21 09:54:36 INFO  Play:178 - getting -2 scores
2017-12-21 09:54:37 INFO  Play:177 - hitting bombs of second type
2017-12-21 09:54:37 INFO  Play:178 - getting -3 scores
2017-12-21 09:54:39 INFO  Play:125 - firing a bullet!! the number of remining bullets 5
2017-12-21 09:54:39 INFO  Play:125 - firing a bullet!! the number of remining bullets 5
2017-12-21 09:54:39 INFO  Play:125 - firing a bullet!! the number of remining bullets 5
2017-12-21 09:54:39 INFO  Play:125 - firing a bullet!! the number of remining bullets 5
2017-12-21 09:54:42 INFO  Play:125 - firing a bullet!! the number of remining bullets 4
2017-12-21 09:54:42 INFO  Play:128 - hitting a tree with a weapon
2017-12-21 09:54:45 INFO  Play:177 - hitting bombs of second type
2017-12-21 09:54:45 INFO  Play:178 - getting -4 scores
2017-12-21 09:54:45 INFO  Play:177 - hitting bombs of second type
2017-12-21 09:54:45 INFO  Play:178 - getting -5 scores
2017-12-21 09:54:47 INFO  Play:170 - hitting bombs of first type
2017-12-21 09:54:47 INFO  Play:171 - getting 4 lives
2017-12-21 09:54:47 INFO  Play:172 - getting -5 scores
2017-12-21 09:54:48 INFO  Play:170 - hitting bombs of first type
2017-12-21 09:54:48 INFO  Play:171 - getting 4 lives
2017-12-21 09:54:48 INFO  Play:172 - getting -5 scores
